<?xml version="1.0" encoding="UTF-8"?>
<testng-results ignored="0" total="1" passed="1" failed="0" skipped="0">
  <reporter-output>
  </reporter-output>
  <suite started-at="2025-06-25T16:16:05 IST" name="Suite" finished-at="2025-06-25T16:16:11 IST" duration-ms="5986">
    <groups>
    </groups>
    <test started-at="2025-06-25T16:16:05 IST" name="Test" finished-at="2025-06-25T16:16:11 IST" duration-ms="5986">
      <class name="tests.InvalidLoginTest">
        <test-method is-config="true" signature="setUp()[pri:0, instance:tests.InvalidLoginTest@6d2a209c]" started-at="2025-06-25T16:16:05 IST" name="setUp" finished-at="2025-06-25T16:16:11 IST" duration-ms="5191" status="PASS">
          <reporter-output>
          </reporter-output>
        </test-method> <!-- setUp -->
        <test-method signature="testinvalidLogin(java.lang.String,java.lang.String)[pri:0, instance:tests.InvalidLoginTest@6d2a209c]" started-at="2025-06-25T16:16:11 IST" name="testinvalidLogin" data-provider="Logindata1" finished-at="2025-06-25T16:16:11 IST" duration-ms="779" status="PASS">
          <params>
            <param index="0">
              <value>
                <![CDATA[user1]]>
              </value>
            </param>
            <param index="1">
              <value>
                <![CDATA[password1]]>
              </value>
            </param>
          </params>
          <reporter-output>
          </reporter-output>
        </test-method> <!-- testinvalidLogin -->
        <test-method is-config="true" signature="tearDown()[pri:0, instance:tests.InvalidLoginTest@6d2a209c]" started-at="2025-06-25T16:16:11 IST" name="tearDown" finished-at="2025-06-25T16:16:11 IST" duration-ms="0" status="PASS">
          <reporter-output>
          </reporter-output>
        </test-method> <!-- tearDown -->
      </class> <!-- tests.InvalidLoginTest -->
    </test> <!-- Test -->
  </suite> <!-- Suite -->
</testng-results>
